{"/home/hamdija/Documents/try-hard-jci/server/config.js": {"path":"/home/hamdija/Documents/try-hard-jci/server/config.js","statementMap":{"0":{"start":{"line":1,"column":0},"end":{"line":4,"column":1}}},"fnMap":{},"branchMap":{},"s":{"0":2},"f":{},"b":{},"_coverageSchema":"43e27e138ebf9cfc5966b082cf9a028302ed4184","hash":"18c27d3c82c77041783c260c4e01c24566216bee"}
,"/home/hamdija/Documents/try-hard-jci/server/index.js": {"path":"/home/hamdija/Documents/try-hard-jci/server/index.js","statementMap":{"0":{"start":{"line":1,"column":16},"end":{"line":1,"column":34}},"1":{"start":{"line":2,"column":16},"end":{"line":2,"column":34}},"2":{"start":{"line":3,"column":12},"end":{"line":3,"column":21}},"3":{"start":{"line":4,"column":12},"end":{"line":4,"column":35}},"4":{"start":{"line":5,"column":19},"end":{"line":5,"column":41}},"5":{"start":{"line":6,"column":13},"end":{"line":6,"column":37}},"6":{"start":{"line":7,"column":14},"end":{"line":7,"column":29}},"7":{"start":{"line":8,"column":13},"end":{"line":8,"column":28}},"8":{"start":{"line":9,"column":0},"end":{"line":9,"column":21}},"9":{"start":{"line":11,"column":0},"end":{"line":11,"column":17}},"10":{"start":{"line":12,"column":0},"end":{"line":12,"column":27}},"11":{"start":{"line":15,"column":0},"end":{"line":17,"column":1}},"12":{"start":{"line":16,"column":2},"end":{"line":16,"column":31}},"13":{"start":{"line":19,"column":11},"end":{"line":19,"column":55}},"14":{"start":{"line":21,"column":0},"end":{"line":44,"column":3}},"15":{"start":{"line":22,"column":16},"end":{"line":22,"column":35}},"16":{"start":{"line":23,"column":2},"end":{"line":43,"column":5}},"17":{"start":{"line":24,"column":4},"end":{"line":24,"column":27}},"18":{"start":{"line":24,"column":15},"end":{"line":24,"column":27}},"19":{"start":{"line":25,"column":4},"end":{"line":42,"column":5}},"20":{"start":{"line":26,"column":6},"end":{"line":26,"column":44}},"21":{"start":{"line":27,"column":6},"end":{"line":27,"column":47}},"22":{"start":{"line":28,"column":26},"end":{"line":28,"column":28}},"23":{"start":{"line":29,"column":6},"end":{"line":33,"column":9}},"24":{"start":{"line":30,"column":8},"end":{"line":32,"column":9}},"25":{"start":{"line":31,"column":10},"end":{"line":31,"column":39}},"26":{"start":{"line":34,"column":6},"end":{"line":34,"column":35}},"27":{"start":{"line":35,"column":6},"end":{"line":35,"column":36}},"28":{"start":{"line":36,"column":6},"end":{"line":36,"column":76}},"29":{"start":{"line":37,"column":6},"end":{"line":37,"column":21}},"30":{"start":{"line":38,"column":6},"end":{"line":38,"column":21}},"31":{"start":{"line":40,"column":6},"end":{"line":40,"column":22}},"32":{"start":{"line":41,"column":6},"end":{"line":41,"column":47}},"33":{"start":{"line":46,"column":0},"end":{"line":72,"column":3}},"34":{"start":{"line":47,"column":13},"end":{"line":47,"column":32}},"35":{"start":{"line":48,"column":13},"end":{"line":48,"column":38}},"36":{"start":{"line":49,"column":2},"end":{"line":71,"column":5}},"37":{"start":{"line":50,"column":4},"end":{"line":50,"column":27}},"38":{"start":{"line":50,"column":15},"end":{"line":50,"column":27}},"39":{"start":{"line":51,"column":4},"end":{"line":70,"column":5}},"40":{"start":{"line":52,"column":6},"end":{"line":56,"column":9}},"41":{"start":{"line":53,"column":8},"end":{"line":55,"column":9}},"42":{"start":{"line":54,"column":10},"end":{"line":54,"column":35}},"43":{"start":{"line":57,"column":6},"end":{"line":66,"column":9}},"44":{"start":{"line":58,"column":8},"end":{"line":58,"column":37}},"45":{"start":{"line":58,"column":22},"end":{"line":58,"column":37}},"46":{"start":{"line":59,"column":8},"end":{"line":65,"column":9}},"47":{"start":{"line":60,"column":10},"end":{"line":60,"column":78}},"48":{"start":{"line":61,"column":10},"end":{"line":61,"column":39}},"49":{"start":{"line":63,"column":10},"end":{"line":63,"column":25}},"50":{"start":{"line":64,"column":10},"end":{"line":64,"column":43}},"51":{"start":{"line":68,"column":6},"end":{"line":68,"column":22}},"52":{"start":{"line":69,"column":6},"end":{"line":69,"column":42}},"53":{"start":{"line":73,"column":0},"end":{"line":99,"column":3}},"54":{"start":{"line":74,"column":13},"end":{"line":74,"column":32}},"55":{"start":{"line":75,"column":13},"end":{"line":75,"column":38}},"56":{"start":{"line":76,"column":2},"end":{"line":98,"column":5}},"57":{"start":{"line":77,"column":4},"end":{"line":77,"column":27}},"58":{"start":{"line":77,"column":15},"end":{"line":77,"column":27}},"59":{"start":{"line":78,"column":4},"end":{"line":97,"column":5}},"60":{"start":{"line":79,"column":6},"end":{"line":83,"column":9}},"61":{"start":{"line":80,"column":8},"end":{"line":82,"column":9}},"62":{"start":{"line":81,"column":10},"end":{"line":81,"column":35}},"63":{"start":{"line":84,"column":6},"end":{"line":93,"column":9}},"64":{"start":{"line":85,"column":8},"end":{"line":85,"column":37}},"65":{"start":{"line":85,"column":22},"end":{"line":85,"column":37}},"66":{"start":{"line":86,"column":8},"end":{"line":92,"column":9}},"67":{"start":{"line":87,"column":10},"end":{"line":87,"column":78}},"68":{"start":{"line":88,"column":10},"end":{"line":88,"column":39}},"69":{"start":{"line":90,"column":10},"end":{"line":90,"column":25}},"70":{"start":{"line":91,"column":10},"end":{"line":91,"column":43}},"71":{"start":{"line":95,"column":6},"end":{"line":95,"column":22}},"72":{"start":{"line":96,"column":6},"end":{"line":96,"column":42}},"73":{"start":{"line":100,"column":0},"end":{"line":120,"column":3}},"74":{"start":{"line":101,"column":14},"end":{"line":101,"column":16}},"75":{"start":{"line":102,"column":2},"end":{"line":119,"column":5}},"76":{"start":{"line":103,"column":4},"end":{"line":115,"column":7}},"77":{"start":{"line":104,"column":6},"end":{"line":114,"column":9}},"78":{"start":{"line":105,"column":8},"end":{"line":113,"column":9}},"79":{"start":{"line":106,"column":10},"end":{"line":112,"column":13}},"80":{"start":{"line":116,"column":4},"end":{"line":116,"column":91}},"81":{"start":{"line":117,"column":4},"end":{"line":117,"column":28}},"82":{"start":{"line":118,"column":4},"end":{"line":118,"column":20}},"83":{"start":{"line":122,"column":0},"end":{"line":134,"column":3}},"84":{"start":{"line":123,"column":15},"end":{"line":123,"column":39}},"85":{"start":{"line":124,"column":2},"end":{"line":133,"column":5}},"86":{"start":{"line":125,"column":4},"end":{"line":125,"column":27}},"87":{"start":{"line":125,"column":15},"end":{"line":125,"column":27}},"88":{"start":{"line":126,"column":4},"end":{"line":132,"column":5}},"89":{"start":{"line":127,"column":6},"end":{"line":127,"column":24}},"90":{"start":{"line":128,"column":6},"end":{"line":128,"column":21}},"91":{"start":{"line":130,"column":6},"end":{"line":130,"column":22}},"92":{"start":{"line":131,"column":6},"end":{"line":131,"column":66}},"93":{"start":{"line":136,"column":0},"end":{"line":163,"column":3}},"94":{"start":{"line":137,"column":14},"end":{"line":137,"column":22}},"95":{"start":{"line":139,"column":2},"end":{"line":162,"column":4}},"96":{"start":{"line":142,"column":6},"end":{"line":142,"column":29}},"97":{"start":{"line":142,"column":17},"end":{"line":142,"column":29}},"98":{"start":{"line":143,"column":6},"end":{"line":160,"column":7}},"99":{"start":{"line":144,"column":8},"end":{"line":156,"column":9}},"100":{"start":{"line":145,"column":22},"end":{"line":152,"column":11}},"101":{"start":{"line":153,"column":10},"end":{"line":153,"column":76}},"102":{"start":{"line":154,"column":10},"end":{"line":154,"column":25}},"103":{"start":{"line":155,"column":10},"end":{"line":155,"column":51}},"104":{"start":{"line":158,"column":8},"end":{"line":158,"column":24}},"105":{"start":{"line":159,"column":8},"end":{"line":159,"column":65}},"106":{"start":{"line":165,"column":0},"end":{"line":211,"column":3}},"107":{"start":{"line":166,"column":14},"end":{"line":186,"column":3}},"108":{"start":{"line":187,"column":2},"end":{"line":187,"column":78}},"109":{"start":{"line":188,"column":2},"end":{"line":210,"column":5}},"110":{"start":{"line":189,"column":4},"end":{"line":189,"column":27}},"111":{"start":{"line":189,"column":15},"end":{"line":189,"column":27}},"112":{"start":{"line":190,"column":4},"end":{"line":209,"column":5}},"113":{"start":{"line":191,"column":6},"end":{"line":191,"column":62}},"114":{"start":{"line":192,"column":6},"end":{"line":192,"column":22}},"115":{"start":{"line":193,"column":6},"end":{"line":193,"column":38}},"116":{"start":{"line":195,"column":6},"end":{"line":208,"column":9}},"117":{"start":{"line":196,"column":8},"end":{"line":196,"column":31}},"118":{"start":{"line":196,"column":19},"end":{"line":196,"column":31}},"119":{"start":{"line":197,"column":8},"end":{"line":207,"column":9}},"120":{"start":{"line":198,"column":10},"end":{"line":198,"column":72}},"121":{"start":{"line":199,"column":10},"end":{"line":199,"column":26}},"122":{"start":{"line":200,"column":10},"end":{"line":200,"column":45}},"123":{"start":{"line":202,"column":10},"end":{"line":206,"column":13}},"124":{"start":{"line":203,"column":12},"end":{"line":203,"column":35}},"125":{"start":{"line":203,"column":23},"end":{"line":203,"column":35}},"126":{"start":{"line":204,"column":12},"end":{"line":204,"column":60}},"127":{"start":{"line":205,"column":12},"end":{"line":205,"column":64}},"128":{"start":{"line":212,"column":0},"end":{"line":226,"column":3}},"129":{"start":{"line":213,"column":14},"end":{"line":213,"column":29}},"130":{"start":{"line":214,"column":13},"end":{"line":214,"column":27}},"131":{"start":{"line":215,"column":2},"end":{"line":215,"column":23}},"132":{"start":{"line":217,"column":2},"end":{"line":225,"column":5}},"133":{"start":{"line":218,"column":4},"end":{"line":218,"column":27}},"134":{"start":{"line":218,"column":15},"end":{"line":218,"column":27}},"135":{"start":{"line":219,"column":4},"end":{"line":224,"column":5}},"136":{"start":{"line":220,"column":6},"end":{"line":220,"column":49}},"137":{"start":{"line":221,"column":6},"end":{"line":221,"column":56}},"138":{"start":{"line":223,"column":6},"end":{"line":223,"column":39}},"139":{"start":{"line":228,"column":0},"end":{"line":271,"column":3}},"140":{"start":{"line":229,"column":13},"end":{"line":229,"column":32}},"141":{"start":{"line":230,"column":14},"end":{"line":230,"column":22}},"142":{"start":{"line":231,"column":17},"end":{"line":231,"column":22}},"143":{"start":{"line":232,"column":13},"end":{"line":232,"column":15}},"144":{"start":{"line":233,"column":2},"end":{"line":270,"column":5}},"145":{"start":{"line":234,"column":4},"end":{"line":234,"column":27}},"146":{"start":{"line":234,"column":15},"end":{"line":234,"column":27}},"147":{"start":{"line":235,"column":4},"end":{"line":269,"column":5}},"148":{"start":{"line":236,"column":6},"end":{"line":238,"column":7}},"149":{"start":{"line":237,"column":8},"end":{"line":237,"column":39}},"150":{"start":{"line":239,"column":6},"end":{"line":243,"column":7}},"151":{"start":{"line":240,"column":8},"end":{"line":240,"column":37}},"152":{"start":{"line":242,"column":8},"end":{"line":242,"column":24}},"153":{"start":{"line":244,"column":6},"end":{"line":246,"column":7}},"154":{"start":{"line":245,"column":8},"end":{"line":245,"column":33}},"155":{"start":{"line":247,"column":6},"end":{"line":249,"column":7}},"156":{"start":{"line":248,"column":8},"end":{"line":248,"column":43}},"157":{"start":{"line":250,"column":6},"end":{"line":253,"column":7}},"158":{"start":{"line":251,"column":8},"end":{"line":251,"column":53}},"159":{"start":{"line":252,"column":8},"end":{"line":252,"column":25}},"160":{"start":{"line":254,"column":6},"end":{"line":268,"column":9}},"161":{"start":{"line":255,"column":8},"end":{"line":255,"column":34}},"162":{"start":{"line":255,"column":22},"end":{"line":255,"column":34}},"163":{"start":{"line":256,"column":8},"end":{"line":267,"column":9}},"164":{"start":{"line":257,"column":22},"end":{"line":264,"column":11}},"165":{"start":{"line":265,"column":10},"end":{"line":265,"column":91}},"166":{"start":{"line":266,"column":10},"end":{"line":266,"column":66}},"167":{"start":{"line":272,"column":0},"end":{"line":335,"column":3}},"168":{"start":{"line":273,"column":13},"end":{"line":273,"column":30}},"169":{"start":{"line":274,"column":2},"end":{"line":334,"column":5}},"170":{"start":{"line":275,"column":4},"end":{"line":275,"column":27}},"171":{"start":{"line":275,"column":15},"end":{"line":275,"column":27}},"172":{"start":{"line":276,"column":4},"end":{"line":333,"column":5}},"173":{"start":{"line":277,"column":18},"end":{"line":277,"column":22}},"174":{"start":{"line":278,"column":24},"end":{"line":278,"column":29}},"175":{"start":{"line":279,"column":22},"end":{"line":279,"column":60}},"176":{"start":{"line":280,"column":19},"end":{"line":280,"column":50}},"177":{"start":{"line":281,"column":6},"end":{"line":294,"column":7}},"178":{"start":{"line":282,"column":8},"end":{"line":282,"column":54}},"179":{"start":{"line":283,"column":13},"end":{"line":294,"column":7}},"180":{"start":{"line":284,"column":8},"end":{"line":284,"column":53}},"181":{"start":{"line":285,"column":13},"end":{"line":294,"column":7}},"182":{"start":{"line":286,"column":8},"end":{"line":286,"column":61}},"183":{"start":{"line":287,"column":13},"end":{"line":294,"column":7}},"184":{"start":{"line":288,"column":8},"end":{"line":288,"column":42}},"185":{"start":{"line":289,"column":8},"end":{"line":291,"column":10}},"186":{"start":{"line":292,"column":8},"end":{"line":292,"column":27}},"187":{"start":{"line":293,"column":8},"end":{"line":293,"column":95}},"188":{"start":{"line":295,"column":6},"end":{"line":306,"column":7}},"189":{"start":{"line":296,"column":27},"end":{"line":304,"column":9}},"190":{"start":{"line":305,"column":8},"end":{"line":305,"column":41}},"191":{"start":{"line":307,"column":18},"end":{"line":307,"column":38}},"192":{"start":{"line":308,"column":25},"end":{"line":308,"column":30}},"193":{"start":{"line":309,"column":6},"end":{"line":315,"column":9}},"194":{"start":{"line":310,"column":26},"end":{"line":310,"column":47}},"195":{"start":{"line":311,"column":10},"end":{"line":314,"column":11}},"196":{"start":{"line":312,"column":12},"end":{"line":312,"column":101}},"197":{"start":{"line":313,"column":12},"end":{"line":313,"column":32}},"198":{"start":{"line":316,"column":6},"end":{"line":319,"column":7}},"199":{"start":{"line":317,"column":21},"end":{"line":317,"column":72}},"200":{"start":{"line":318,"column":8},"end":{"line":318,"column":35}},"201":{"start":{"line":320,"column":6},"end":{"line":320,"column":25}},"202":{"start":{"line":321,"column":6},"end":{"line":332,"column":9}},"203":{"start":{"line":322,"column":8},"end":{"line":322,"column":31}},"204":{"start":{"line":322,"column":19},"end":{"line":322,"column":31}},"205":{"start":{"line":323,"column":8},"end":{"line":329,"column":10}},"206":{"start":{"line":330,"column":8},"end":{"line":330,"column":72}},"207":{"start":{"line":331,"column":8},"end":{"line":331,"column":57}},"208":{"start":{"line":336,"column":0},"end":{"line":344,"column":3}},"209":{"start":{"line":337,"column":13},"end":{"line":337,"column":22}},"210":{"start":{"line":338,"column":2},"end":{"line":343,"column":5}},"211":{"start":{"line":339,"column":4},"end":{"line":339,"column":27}},"212":{"start":{"line":339,"column":15},"end":{"line":339,"column":27}},"213":{"start":{"line":341,"column":4},"end":{"line":342,"column":5}},"214":{"start":{"line":346,"column":0},"end":{"line":371,"column":3}},"215":{"start":{"line":347,"column":14},"end":{"line":347,"column":16}},"216":{"start":{"line":348,"column":13},"end":{"line":348,"column":43}},"217":{"start":{"line":350,"column":2},"end":{"line":370,"column":7}},"218":{"start":{"line":355,"column":6},"end":{"line":355,"column":29}},"219":{"start":{"line":355,"column":17},"end":{"line":355,"column":29}},"220":{"start":{"line":356,"column":6},"end":{"line":369,"column":7}},"221":{"start":{"line":357,"column":25},"end":{"line":357,"column":27}},"222":{"start":{"line":358,"column":8},"end":{"line":366,"column":11}},"223":{"start":{"line":359,"column":22},"end":{"line":364,"column":11}},"224":{"start":{"line":365,"column":10},"end":{"line":365,"column":33}},"225":{"start":{"line":367,"column":8},"end":{"line":367,"column":29}},"226":{"start":{"line":368,"column":8},"end":{"line":368,"column":64}},"227":{"start":{"line":372,"column":0},"end":{"line":372,"column":65}},"228":{"start":{"line":374,"column":0},"end":{"line":376,"column":3}},"229":{"start":{"line":375,"column":2},"end":{"line":375,"column":42}},"230":{"start":{"line":377,"column":0},"end":{"line":379,"column":3}},"231":{"start":{"line":378,"column":2},"end":{"line":378,"column":70}},"232":{"start":{"line":381,"column":14},"end":{"line":381,"column":30}},"233":{"start":{"line":382,"column":2},"end":{"line":382,"column":15}},"234":{"start":{"line":385,"column":2},"end":{"line":418,"column":3}},"235":{"start":{"line":386,"column":4},"end":{"line":386,"column":13}},"236":{"start":{"line":387,"column":9},"end":{"line":418,"column":3}},"237":{"start":{"line":388,"column":4},"end":{"line":388,"column":14}},"238":{"start":{"line":389,"column":9},"end":{"line":418,"column":3}},"239":{"start":{"line":390,"column":4},"end":{"line":390,"column":14}},"240":{"start":{"line":391,"column":9},"end":{"line":418,"column":3}},"241":{"start":{"line":392,"column":4},"end":{"line":392,"column":14}},"242":{"start":{"line":393,"column":9},"end":{"line":418,"column":3}},"243":{"start":{"line":394,"column":4},"end":{"line":394,"column":13}},"244":{"start":{"line":395,"column":9},"end":{"line":418,"column":3}},"245":{"start":{"line":396,"column":4},"end":{"line":396,"column":13}},"246":{"start":{"line":397,"column":9},"end":{"line":418,"column":3}},"247":{"start":{"line":398,"column":4},"end":{"line":398,"column":14}},"248":{"start":{"line":399,"column":9},"end":{"line":418,"column":3}},"249":{"start":{"line":400,"column":4},"end":{"line":400,"column":14}},"250":{"start":{"line":401,"column":9},"end":{"line":418,"column":3}},"251":{"start":{"line":402,"column":4},"end":{"line":402,"column":14}},"252":{"start":{"line":403,"column":9},"end":{"line":418,"column":3}},"253":{"start":{"line":404,"column":4},"end":{"line":404,"column":14}},"254":{"start":{"line":405,"column":9},"end":{"line":418,"column":3}},"255":{"start":{"line":406,"column":4},"end":{"line":406,"column":14}},"256":{"start":{"line":407,"column":9},"end":{"line":418,"column":3}},"257":{"start":{"line":408,"column":4},"end":{"line":408,"column":55}},"258":{"start":{"line":409,"column":4},"end":{"line":409,"column":13}},"259":{"start":{"line":410,"column":9},"end":{"line":418,"column":3}},"260":{"start":{"line":411,"column":4},"end":{"line":411,"column":15}},"261":{"start":{"line":412,"column":9},"end":{"line":418,"column":3}},"262":{"start":{"line":413,"column":4},"end":{"line":413,"column":14}},"263":{"start":{"line":414,"column":9},"end":{"line":418,"column":3}},"264":{"start":{"line":415,"column":4},"end":{"line":415,"column":14}},"265":{"start":{"line":417,"column":4},"end":{"line":417,"column":14}}},"fnMap":{"0":{"name":"(anonymous_0)","decl":{"start":{"line":21,"column":27},"end":{"line":21,"column":28}},"loc":{"start":{"line":21,"column":41},"end":{"line":44,"column":1}},"line":21},"1":{"name":"(anonymous_1)","decl":{"start":{"line":23,"column":41},"end":{"line":23,"column":42}},"loc":{"start":{"line":23,"column":58},"end":{"line":43,"column":3}},"line":23},"2":{"name":"(anonymous_2)","decl":{"start":{"line":29,"column":27},"end":{"line":29,"column":28}},"loc":{"start":{"line":29,"column":39},"end":{"line":33,"column":7}},"line":29},"3":{"name":"(anonymous_3)","decl":{"start":{"line":46,"column":45},"end":{"line":46,"column":46}},"loc":{"start":{"line":46,"column":59},"end":{"line":72,"column":1}},"line":46},"4":{"name":"(anonymous_4)","decl":{"start":{"line":49,"column":38},"end":{"line":49,"column":39}},"loc":{"start":{"line":49,"column":55},"end":{"line":71,"column":3}},"line":49},"5":{"name":"(anonymous_5)","decl":{"start":{"line":52,"column":27},"end":{"line":52,"column":28}},"loc":{"start":{"line":52,"column":39},"end":{"line":56,"column":7}},"line":52},"6":{"name":"(anonymous_6)","decl":{"start":{"line":57,"column":51},"end":{"line":57,"column":52}},"loc":{"start":{"line":57,"column":74},"end":{"line":66,"column":7}},"line":57},"7":{"name":"(anonymous_7)","decl":{"start":{"line":73,"column":45},"end":{"line":73,"column":46}},"loc":{"start":{"line":73,"column":59},"end":{"line":99,"column":1}},"line":73},"8":{"name":"(anonymous_8)","decl":{"start":{"line":76,"column":38},"end":{"line":76,"column":39}},"loc":{"start":{"line":76,"column":55},"end":{"line":98,"column":3}},"line":76},"9":{"name":"(anonymous_9)","decl":{"start":{"line":79,"column":23},"end":{"line":79,"column":24}},"loc":{"start":{"line":79,"column":35},"end":{"line":83,"column":7}},"line":79},"10":{"name":"(anonymous_10)","decl":{"start":{"line":84,"column":51},"end":{"line":84,"column":52}},"loc":{"start":{"line":84,"column":74},"end":{"line":93,"column":7}},"line":84},"11":{"name":"(anonymous_11)","decl":{"start":{"line":100,"column":25},"end":{"line":100,"column":26}},"loc":{"start":{"line":100,"column":39},"end":{"line":120,"column":1}},"line":100},"12":{"name":"(anonymous_12)","decl":{"start":{"line":102,"column":19},"end":{"line":102,"column":20}},"loc":{"start":{"line":102,"column":36},"end":{"line":119,"column":3}},"line":102},"13":{"name":"(anonymous_13)","decl":{"start":{"line":103,"column":13},"end":{"line":103,"column":14}},"loc":{"start":{"line":103,"column":21},"end":{"line":115,"column":5}},"line":103},"14":{"name":"(anonymous_14)","decl":{"start":{"line":104,"column":23},"end":{"line":104,"column":24}},"loc":{"start":{"line":104,"column":35},"end":{"line":114,"column":7}},"line":104},"15":{"name":"(anonymous_15)","decl":{"start":{"line":122,"column":29},"end":{"line":122,"column":30}},"loc":{"start":{"line":122,"column":43},"end":{"line":134,"column":1}},"line":122},"16":{"name":"(anonymous_16)","decl":{"start":{"line":124,"column":34},"end":{"line":124,"column":35}},"loc":{"start":{"line":124,"column":51},"end":{"line":133,"column":3}},"line":124},"17":{"name":"(anonymous_17)","decl":{"start":{"line":136,"column":26},"end":{"line":136,"column":27}},"loc":{"start":{"line":136,"column":40},"end":{"line":163,"column":1}},"line":136},"18":{"name":"(anonymous_18)","decl":{"start":{"line":141,"column":4},"end":{"line":141,"column":5}},"loc":{"start":{"line":141,"column":21},"end":{"line":161,"column":5}},"line":141},"19":{"name":"(anonymous_19)","decl":{"start":{"line":165,"column":26},"end":{"line":165,"column":27}},"loc":{"start":{"line":165,"column":40},"end":{"line":211,"column":1}},"line":165},"20":{"name":"(anonymous_20)","decl":{"start":{"line":188,"column":45},"end":{"line":188,"column":46}},"loc":{"start":{"line":188,"column":62},"end":{"line":210,"column":3}},"line":188},"21":{"name":"(anonymous_21)","decl":{"start":{"line":195,"column":55},"end":{"line":195,"column":56}},"loc":{"start":{"line":195,"column":72},"end":{"line":208,"column":7}},"line":195},"22":{"name":"(anonymous_22)","decl":{"start":{"line":202,"column":35},"end":{"line":202,"column":36}},"loc":{"start":{"line":202,"column":52},"end":{"line":206,"column":11}},"line":202},"23":{"name":"(anonymous_23)","decl":{"start":{"line":212,"column":27},"end":{"line":212,"column":28}},"loc":{"start":{"line":212,"column":41},"end":{"line":226,"column":1}},"line":212},"24":{"name":"(anonymous_24)","decl":{"start":{"line":217,"column":48},"end":{"line":217,"column":49}},"loc":{"start":{"line":217,"column":65},"end":{"line":225,"column":3}},"line":217},"25":{"name":"(anonymous_25)","decl":{"start":{"line":228,"column":34},"end":{"line":228,"column":35}},"loc":{"start":{"line":228,"column":48},"end":{"line":271,"column":1}},"line":228},"26":{"name":"(anonymous_26)","decl":{"start":{"line":233,"column":38},"end":{"line":233,"column":39}},"loc":{"start":{"line":233,"column":55},"end":{"line":270,"column":3}},"line":233},"27":{"name":"(anonymous_27)","decl":{"start":{"line":254,"column":51},"end":{"line":254,"column":52}},"loc":{"start":{"line":254,"column":74},"end":{"line":268,"column":7}},"line":254},"28":{"name":"(anonymous_28)","decl":{"start":{"line":272,"column":28},"end":{"line":272,"column":29}},"loc":{"start":{"line":272,"column":42},"end":{"line":335,"column":1}},"line":272},"29":{"name":"(anonymous_29)","decl":{"start":{"line":274,"column":38},"end":{"line":274,"column":39}},"loc":{"start":{"line":274,"column":55},"end":{"line":334,"column":3}},"line":274},"30":{"name":"(anonymous_30)","decl":{"start":{"line":309,"column":28},"end":{"line":309,"column":29}},"loc":{"start":{"line":309,"column":40},"end":{"line":315,"column":7}},"line":309},"31":{"name":"(anonymous_31)","decl":{"start":{"line":321,"column":52},"end":{"line":321,"column":53}},"loc":{"start":{"line":321,"column":69},"end":{"line":332,"column":7}},"line":321},"32":{"name":"(anonymous_32)","decl":{"start":{"line":336,"column":27},"end":{"line":336,"column":28}},"loc":{"start":{"line":336,"column":41},"end":{"line":344,"column":1}},"line":336},"33":{"name":"(anonymous_33)","decl":{"start":{"line":338,"column":38},"end":{"line":338,"column":39}},"loc":{"start":{"line":338,"column":55},"end":{"line":343,"column":3}},"line":338},"34":{"name":"(anonymous_34)","decl":{"start":{"line":346,"column":33},"end":{"line":346,"column":34}},"loc":{"start":{"line":346,"column":47},"end":{"line":371,"column":1}},"line":346},"35":{"name":"(anonymous_35)","decl":{"start":{"line":354,"column":23},"end":{"line":354,"column":24}},"loc":{"start":{"line":354,"column":40},"end":{"line":370,"column":5}},"line":354},"36":{"name":"(anonymous_36)","decl":{"start":{"line":358,"column":21},"end":{"line":358,"column":22}},"loc":{"start":{"line":358,"column":29},"end":{"line":366,"column":9}},"line":358},"37":{"name":"(anonymous_37)","decl":{"start":{"line":374,"column":17},"end":{"line":374,"column":18}},"loc":{"start":{"line":374,"column":23},"end":{"line":376,"column":1}},"line":374},"38":{"name":"(anonymous_38)","decl":{"start":{"line":377,"column":14},"end":{"line":377,"column":15}},"loc":{"start":{"line":377,"column":28},"end":{"line":379,"column":1}},"line":377},"39":{"name":"getDate","decl":{"start":{"line":380,"column":9},"end":{"line":380,"column":16}},"loc":{"start":{"line":380,"column":24},"end":{"line":383,"column":1}},"line":380},"40":{"name":"getActionExp","decl":{"start":{"line":384,"column":9},"end":{"line":384,"column":21}},"loc":{"start":{"line":384,"column":30},"end":{"line":419,"column":1}},"line":384}},"branchMap":{"0":{"loc":{"start":{"line":6,"column":13},"end":{"line":6,"column":37}},"type":"binary-expr","locations":[{"start":{"line":6,"column":13},"end":{"line":6,"column":29}},{"start":{"line":6,"column":33},"end":{"line":6,"column":37}}],"line":6},"1":{"loc":{"start":{"line":15,"column":0},"end":{"line":17,"column":1}},"type":"if","locations":[{"start":{"line":15,"column":0},"end":{"line":17,"column":1}},{"start":{"line":15,"column":0},"end":{"line":17,"column":1}}],"line":15},"2":{"loc":{"start":{"line":19,"column":19},"end":{"line":19,"column":54}},"type":"binary-expr","locations":[{"start":{"line":19,"column":19},"end":{"line":19,"column":37}},{"start":{"line":19,"column":41},"end":{"line":19,"column":54}}],"line":19},"3":{"loc":{"start":{"line":24,"column":4},"end":{"line":24,"column":27}},"type":"if","locations":[{"start":{"line":24,"column":4},"end":{"line":24,"column":27}},{"start":{"line":24,"column":4},"end":{"line":24,"column":27}}],"line":24},"4":{"loc":{"start":{"line":25,"column":4},"end":{"line":42,"column":5}},"type":"if","locations":[{"start":{"line":25,"column":4},"end":{"line":42,"column":5}},{"start":{"line":25,"column":4},"end":{"line":42,"column":5}}],"line":25},"5":{"loc":{"start":{"line":30,"column":8},"end":{"line":32,"column":9}},"type":"if","locations":[{"start":{"line":30,"column":8},"end":{"line":32,"column":9}},{"start":{"line":30,"column":8},"end":{"line":32,"column":9}}],"line":30},"6":{"loc":{"start":{"line":50,"column":4},"end":{"line":50,"column":27}},"type":"if","locations":[{"start":{"line":50,"column":4},"end":{"line":50,"column":27}},{"start":{"line":50,"column":4},"end":{"line":50,"column":27}}],"line":50},"7":{"loc":{"start":{"line":51,"column":4},"end":{"line":70,"column":5}},"type":"if","locations":[{"start":{"line":51,"column":4},"end":{"line":70,"column":5}},{"start":{"line":51,"column":4},"end":{"line":70,"column":5}}],"line":51},"8":{"loc":{"start":{"line":53,"column":8},"end":{"line":55,"column":9}},"type":"if","locations":[{"start":{"line":53,"column":8},"end":{"line":55,"column":9}},{"start":{"line":53,"column":8},"end":{"line":55,"column":9}}],"line":53},"9":{"loc":{"start":{"line":58,"column":8},"end":{"line":58,"column":37}},"type":"if","locations":[{"start":{"line":58,"column":8},"end":{"line":58,"column":37}},{"start":{"line":58,"column":8},"end":{"line":58,"column":37}}],"line":58},"10":{"loc":{"start":{"line":59,"column":8},"end":{"line":65,"column":9}},"type":"if","locations":[{"start":{"line":59,"column":8},"end":{"line":65,"column":9}},{"start":{"line":59,"column":8},"end":{"line":65,"column":9}}],"line":59},"11":{"loc":{"start":{"line":77,"column":4},"end":{"line":77,"column":27}},"type":"if","locations":[{"start":{"line":77,"column":4},"end":{"line":77,"column":27}},{"start":{"line":77,"column":4},"end":{"line":77,"column":27}}],"line":77},"12":{"loc":{"start":{"line":78,"column":4},"end":{"line":97,"column":5}},"type":"if","locations":[{"start":{"line":78,"column":4},"end":{"line":97,"column":5}},{"start":{"line":78,"column":4},"end":{"line":97,"column":5}}],"line":78},"13":{"loc":{"start":{"line":80,"column":8},"end":{"line":82,"column":9}},"type":"if","locations":[{"start":{"line":80,"column":8},"end":{"line":82,"column":9}},{"start":{"line":80,"column":8},"end":{"line":82,"column":9}}],"line":80},"14":{"loc":{"start":{"line":85,"column":8},"end":{"line":85,"column":37}},"type":"if","locations":[{"start":{"line":85,"column":8},"end":{"line":85,"column":37}},{"start":{"line":85,"column":8},"end":{"line":85,"column":37}}],"line":85},"15":{"loc":{"start":{"line":86,"column":8},"end":{"line":92,"column":9}},"type":"if","locations":[{"start":{"line":86,"column":8},"end":{"line":92,"column":9}},{"start":{"line":86,"column":8},"end":{"line":92,"column":9}}],"line":86},"16":{"loc":{"start":{"line":105,"column":8},"end":{"line":113,"column":9}},"type":"if","locations":[{"start":{"line":105,"column":8},"end":{"line":113,"column":9}},{"start":{"line":105,"column":8},"end":{"line":113,"column":9}}],"line":105},"17":{"loc":{"start":{"line":125,"column":4},"end":{"line":125,"column":27}},"type":"if","locations":[{"start":{"line":125,"column":4},"end":{"line":125,"column":27}},{"start":{"line":125,"column":4},"end":{"line":125,"column":27}}],"line":125},"18":{"loc":{"start":{"line":126,"column":4},"end":{"line":132,"column":5}},"type":"if","locations":[{"start":{"line":126,"column":4},"end":{"line":132,"column":5}},{"start":{"line":126,"column":4},"end":{"line":132,"column":5}}],"line":126},"19":{"loc":{"start":{"line":142,"column":6},"end":{"line":142,"column":29}},"type":"if","locations":[{"start":{"line":142,"column":6},"end":{"line":142,"column":29}},{"start":{"line":142,"column":6},"end":{"line":142,"column":29}}],"line":142},"20":{"loc":{"start":{"line":143,"column":6},"end":{"line":160,"column":7}},"type":"if","locations":[{"start":{"line":143,"column":6},"end":{"line":160,"column":7}},{"start":{"line":143,"column":6},"end":{"line":160,"column":7}}],"line":143},"21":{"loc":{"start":{"line":144,"column":8},"end":{"line":156,"column":9}},"type":"if","locations":[{"start":{"line":144,"column":8},"end":{"line":156,"column":9}},{"start":{"line":144,"column":8},"end":{"line":156,"column":9}}],"line":144},"22":{"loc":{"start":{"line":144,"column":12},"end":{"line":144,"column":72}},"type":"binary-expr","locations":[{"start":{"line":144,"column":12},"end":{"line":144,"column":43}},{"start":{"line":144,"column":47},"end":{"line":144,"column":72}}],"line":144},"23":{"loc":{"start":{"line":151,"column":12},"end":{"line":151,"column":55}},"type":"binary-expr","locations":[{"start":{"line":151,"column":12},"end":{"line":151,"column":34}},{"start":{"line":151,"column":38},"end":{"line":151,"column":55}}],"line":151},"24":{"loc":{"start":{"line":172,"column":11},"end":{"line":172,"column":44}},"type":"binary-expr","locations":[{"start":{"line":172,"column":11},"end":{"line":172,"column":25}},{"start":{"line":172,"column":29},"end":{"line":172,"column":44}}],"line":172},"25":{"loc":{"start":{"line":173,"column":11},"end":{"line":173,"column":44}},"type":"binary-expr","locations":[{"start":{"line":173,"column":11},"end":{"line":173,"column":25}},{"start":{"line":173,"column":29},"end":{"line":173,"column":44}}],"line":173},"26":{"loc":{"start":{"line":189,"column":4},"end":{"line":189,"column":27}},"type":"if","locations":[{"start":{"line":189,"column":4},"end":{"line":189,"column":27}},{"start":{"line":189,"column":4},"end":{"line":189,"column":27}}],"line":189},"27":{"loc":{"start":{"line":190,"column":4},"end":{"line":209,"column":5}},"type":"if","locations":[{"start":{"line":190,"column":4},"end":{"line":209,"column":5}},{"start":{"line":190,"column":4},"end":{"line":209,"column":5}}],"line":190},"28":{"loc":{"start":{"line":196,"column":8},"end":{"line":196,"column":31}},"type":"if","locations":[{"start":{"line":196,"column":8},"end":{"line":196,"column":31}},{"start":{"line":196,"column":8},"end":{"line":196,"column":31}}],"line":196},"29":{"loc":{"start":{"line":197,"column":8},"end":{"line":207,"column":9}},"type":"if","locations":[{"start":{"line":197,"column":8},"end":{"line":207,"column":9}},{"start":{"line":197,"column":8},"end":{"line":207,"column":9}}],"line":197},"30":{"loc":{"start":{"line":203,"column":12},"end":{"line":203,"column":35}},"type":"if","locations":[{"start":{"line":203,"column":12},"end":{"line":203,"column":35}},{"start":{"line":203,"column":12},"end":{"line":203,"column":35}}],"line":203},"31":{"loc":{"start":{"line":218,"column":4},"end":{"line":218,"column":27}},"type":"if","locations":[{"start":{"line":218,"column":4},"end":{"line":218,"column":27}},{"start":{"line":218,"column":4},"end":{"line":218,"column":27}}],"line":218},"32":{"loc":{"start":{"line":219,"column":4},"end":{"line":224,"column":5}},"type":"if","locations":[{"start":{"line":219,"column":4},"end":{"line":224,"column":5}},{"start":{"line":219,"column":4},"end":{"line":224,"column":5}}],"line":219},"33":{"loc":{"start":{"line":234,"column":4},"end":{"line":234,"column":27}},"type":"if","locations":[{"start":{"line":234,"column":4},"end":{"line":234,"column":27}},{"start":{"line":234,"column":4},"end":{"line":234,"column":27}}],"line":234},"34":{"loc":{"start":{"line":235,"column":4},"end":{"line":269,"column":5}},"type":"if","locations":[{"start":{"line":235,"column":4},"end":{"line":269,"column":5}},{"start":{"line":235,"column":4},"end":{"line":269,"column":5}}],"line":235},"35":{"loc":{"start":{"line":236,"column":6},"end":{"line":238,"column":7}},"type":"if","locations":[{"start":{"line":236,"column":6},"end":{"line":238,"column":7}},{"start":{"line":236,"column":6},"end":{"line":238,"column":7}}],"line":236},"36":{"loc":{"start":{"line":239,"column":6},"end":{"line":243,"column":7}},"type":"if","locations":[{"start":{"line":239,"column":6},"end":{"line":243,"column":7}},{"start":{"line":239,"column":6},"end":{"line":243,"column":7}}],"line":239},"37":{"loc":{"start":{"line":239,"column":10},"end":{"line":239,"column":62}},"type":"binary-expr","locations":[{"start":{"line":239,"column":10},"end":{"line":239,"column":39}},{"start":{"line":239,"column":43},"end":{"line":239,"column":62}}],"line":239},"38":{"loc":{"start":{"line":244,"column":6},"end":{"line":246,"column":7}},"type":"if","locations":[{"start":{"line":244,"column":6},"end":{"line":246,"column":7}},{"start":{"line":244,"column":6},"end":{"line":246,"column":7}}],"line":244},"39":{"loc":{"start":{"line":247,"column":6},"end":{"line":249,"column":7}},"type":"if","locations":[{"start":{"line":247,"column":6},"end":{"line":249,"column":7}},{"start":{"line":247,"column":6},"end":{"line":249,"column":7}}],"line":247},"40":{"loc":{"start":{"line":250,"column":6},"end":{"line":253,"column":7}},"type":"if","locations":[{"start":{"line":250,"column":6},"end":{"line":253,"column":7}},{"start":{"line":250,"column":6},"end":{"line":253,"column":7}}],"line":250},"41":{"loc":{"start":{"line":255,"column":8},"end":{"line":255,"column":34}},"type":"if","locations":[{"start":{"line":255,"column":8},"end":{"line":255,"column":34}},{"start":{"line":255,"column":8},"end":{"line":255,"column":34}}],"line":255},"42":{"loc":{"start":{"line":256,"column":8},"end":{"line":267,"column":9}},"type":"if","locations":[{"start":{"line":256,"column":8},"end":{"line":267,"column":9}},{"start":{"line":256,"column":8},"end":{"line":267,"column":9}}],"line":256},"43":{"loc":{"start":{"line":263,"column":12},"end":{"line":263,"column":55}},"type":"binary-expr","locations":[{"start":{"line":263,"column":12},"end":{"line":263,"column":34}},{"start":{"line":263,"column":38},"end":{"line":263,"column":55}}],"line":263},"44":{"loc":{"start":{"line":275,"column":4},"end":{"line":275,"column":27}},"type":"if","locations":[{"start":{"line":275,"column":4},"end":{"line":275,"column":27}},{"start":{"line":275,"column":4},"end":{"line":275,"column":27}}],"line":275},"45":{"loc":{"start":{"line":276,"column":4},"end":{"line":333,"column":5}},"type":"if","locations":[{"start":{"line":276,"column":4},"end":{"line":333,"column":5}},{"start":{"line":276,"column":4},"end":{"line":333,"column":5}}],"line":276},"46":{"loc":{"start":{"line":281,"column":6},"end":{"line":294,"column":7}},"type":"if","locations":[{"start":{"line":281,"column":6},"end":{"line":294,"column":7}},{"start":{"line":281,"column":6},"end":{"line":294,"column":7}}],"line":281},"47":{"loc":{"start":{"line":283,"column":13},"end":{"line":294,"column":7}},"type":"if","locations":[{"start":{"line":283,"column":13},"end":{"line":294,"column":7}},{"start":{"line":283,"column":13},"end":{"line":294,"column":7}}],"line":283},"48":{"loc":{"start":{"line":285,"column":13},"end":{"line":294,"column":7}},"type":"if","locations":[{"start":{"line":285,"column":13},"end":{"line":294,"column":7}},{"start":{"line":285,"column":13},"end":{"line":294,"column":7}}],"line":285},"49":{"loc":{"start":{"line":287,"column":13},"end":{"line":294,"column":7}},"type":"if","locations":[{"start":{"line":287,"column":13},"end":{"line":294,"column":7}},{"start":{"line":287,"column":13},"end":{"line":294,"column":7}}],"line":287},"50":{"loc":{"start":{"line":290,"column":57},"end":{"line":290,"column":88}},"type":"binary-expr","locations":[{"start":{"line":290,"column":57},"end":{"line":290,"column":70}},{"start":{"line":290,"column":74},"end":{"line":290,"column":88}}],"line":290},"51":{"loc":{"start":{"line":295,"column":6},"end":{"line":306,"column":7}},"type":"if","locations":[{"start":{"line":295,"column":6},"end":{"line":306,"column":7}},{"start":{"line":295,"column":6},"end":{"line":306,"column":7}}],"line":295},"52":{"loc":{"start":{"line":300,"column":10},"end":{"line":300,"column":29}},"type":"binary-expr","locations":[{"start":{"line":300,"column":10},"end":{"line":300,"column":23}},{"start":{"line":300,"column":27},"end":{"line":300,"column":29}}],"line":300},"53":{"loc":{"start":{"line":301,"column":10},"end":{"line":303,"column":23}},"type":"cond-expr","locations":[{"start":{"line":302,"column":14},"end":{"line":302,"column":24}},{"start":{"line":303,"column":14},"end":{"line":303,"column":23}}],"line":301},"54":{"loc":{"start":{"line":301,"column":10},"end":{"line":301,"column":81}},"type":"binary-expr","locations":[{"start":{"line":301,"column":10},"end":{"line":301,"column":31}},{"start":{"line":301,"column":35},"end":{"line":301,"column":56}},{"start":{"line":301,"column":60},"end":{"line":301,"column":81}}],"line":301},"55":{"loc":{"start":{"line":311,"column":10},"end":{"line":314,"column":11}},"type":"if","locations":[{"start":{"line":311,"column":10},"end":{"line":314,"column":11}},{"start":{"line":311,"column":10},"end":{"line":314,"column":11}}],"line":311},"56":{"loc":{"start":{"line":311,"column":13},"end":{"line":311,"column":119}},"type":"binary-expr","locations":[{"start":{"line":311,"column":13},"end":{"line":311,"column":31}},{"start":{"line":311,"column":35},"end":{"line":311,"column":73}},{"start":{"line":311,"column":77},"end":{"line":311,"column":119}}],"line":311},"57":{"loc":{"start":{"line":316,"column":6},"end":{"line":319,"column":7}},"type":"if","locations":[{"start":{"line":316,"column":6},"end":{"line":319,"column":7}},{"start":{"line":316,"column":6},"end":{"line":319,"column":7}}],"line":316},"58":{"loc":{"start":{"line":316,"column":10},"end":{"line":316,"column":66}},"type":"binary-expr","locations":[{"start":{"line":316,"column":10},"end":{"line":316,"column":41}},{"start":{"line":316,"column":45},"end":{"line":316,"column":66}}],"line":316},"59":{"loc":{"start":{"line":322,"column":8},"end":{"line":322,"column":31}},"type":"if","locations":[{"start":{"line":322,"column":8},"end":{"line":322,"column":31}},{"start":{"line":322,"column":8},"end":{"line":322,"column":31}}],"line":322},"60":{"loc":{"start":{"line":339,"column":4},"end":{"line":339,"column":27}},"type":"if","locations":[{"start":{"line":339,"column":4},"end":{"line":339,"column":27}},{"start":{"line":339,"column":4},"end":{"line":339,"column":27}}],"line":339},"61":{"loc":{"start":{"line":341,"column":4},"end":{"line":342,"column":5}},"type":"if","locations":[{"start":{"line":341,"column":4},"end":{"line":342,"column":5}},{"start":{"line":341,"column":4},"end":{"line":342,"column":5}}],"line":341},"62":{"loc":{"start":{"line":348,"column":13},"end":{"line":348,"column":43}},"type":"binary-expr","locations":[{"start":{"line":348,"column":13},"end":{"line":348,"column":38}},{"start":{"line":348,"column":42},"end":{"line":348,"column":43}}],"line":348},"63":{"loc":{"start":{"line":355,"column":6},"end":{"line":355,"column":29}},"type":"if","locations":[{"start":{"line":355,"column":6},"end":{"line":355,"column":29}},{"start":{"line":355,"column":6},"end":{"line":355,"column":29}}],"line":355},"64":{"loc":{"start":{"line":356,"column":6},"end":{"line":369,"column":7}},"type":"if","locations":[{"start":{"line":356,"column":6},"end":{"line":369,"column":7}},{"start":{"line":356,"column":6},"end":{"line":369,"column":7}}],"line":356},"65":{"loc":{"start":{"line":385,"column":2},"end":{"line":418,"column":3}},"type":"if","locations":[{"start":{"line":385,"column":2},"end":{"line":418,"column":3}},{"start":{"line":385,"column":2},"end":{"line":418,"column":3}}],"line":385},"66":{"loc":{"start":{"line":387,"column":9},"end":{"line":418,"column":3}},"type":"if","locations":[{"start":{"line":387,"column":9},"end":{"line":418,"column":3}},{"start":{"line":387,"column":9},"end":{"line":418,"column":3}}],"line":387},"67":{"loc":{"start":{"line":389,"column":9},"end":{"line":418,"column":3}},"type":"if","locations":[{"start":{"line":389,"column":9},"end":{"line":418,"column":3}},{"start":{"line":389,"column":9},"end":{"line":418,"column":3}}],"line":389},"68":{"loc":{"start":{"line":391,"column":9},"end":{"line":418,"column":3}},"type":"if","locations":[{"start":{"line":391,"column":9},"end":{"line":418,"column":3}},{"start":{"line":391,"column":9},"end":{"line":418,"column":3}}],"line":391},"69":{"loc":{"start":{"line":393,"column":9},"end":{"line":418,"column":3}},"type":"if","locations":[{"start":{"line":393,"column":9},"end":{"line":418,"column":3}},{"start":{"line":393,"column":9},"end":{"line":418,"column":3}}],"line":393},"70":{"loc":{"start":{"line":395,"column":9},"end":{"line":418,"column":3}},"type":"if","locations":[{"start":{"line":395,"column":9},"end":{"line":418,"column":3}},{"start":{"line":395,"column":9},"end":{"line":418,"column":3}}],"line":395},"71":{"loc":{"start":{"line":397,"column":9},"end":{"line":418,"column":3}},"type":"if","locations":[{"start":{"line":397,"column":9},"end":{"line":418,"column":3}},{"start":{"line":397,"column":9},"end":{"line":418,"column":3}}],"line":397},"72":{"loc":{"start":{"line":399,"column":9},"end":{"line":418,"column":3}},"type":"if","locations":[{"start":{"line":399,"column":9},"end":{"line":418,"column":3}},{"start":{"line":399,"column":9},"end":{"line":418,"column":3}}],"line":399},"73":{"loc":{"start":{"line":401,"column":9},"end":{"line":418,"column":3}},"type":"if","locations":[{"start":{"line":401,"column":9},"end":{"line":418,"column":3}},{"start":{"line":401,"column":9},"end":{"line":418,"column":3}}],"line":401},"74":{"loc":{"start":{"line":403,"column":9},"end":{"line":418,"column":3}},"type":"if","locations":[{"start":{"line":403,"column":9},"end":{"line":418,"column":3}},{"start":{"line":403,"column":9},"end":{"line":418,"column":3}}],"line":403},"75":{"loc":{"start":{"line":405,"column":9},"end":{"line":418,"column":3}},"type":"if","locations":[{"start":{"line":405,"column":9},"end":{"line":418,"column":3}},{"start":{"line":405,"column":9},"end":{"line":418,"column":3}}],"line":405},"76":{"loc":{"start":{"line":407,"column":9},"end":{"line":418,"column":3}},"type":"if","locations":[{"start":{"line":407,"column":9},"end":{"line":418,"column":3}},{"start":{"line":407,"column":9},"end":{"line":418,"column":3}}],"line":407},"77":{"loc":{"start":{"line":410,"column":9},"end":{"line":418,"column":3}},"type":"if","locations":[{"start":{"line":410,"column":9},"end":{"line":418,"column":3}},{"start":{"line":410,"column":9},"end":{"line":418,"column":3}}],"line":410},"78":{"loc":{"start":{"line":412,"column":9},"end":{"line":418,"column":3}},"type":"if","locations":[{"start":{"line":412,"column":9},"end":{"line":418,"column":3}},{"start":{"line":412,"column":9},"end":{"line":418,"column":3}}],"line":412},"79":{"loc":{"start":{"line":414,"column":9},"end":{"line":418,"column":3}},"type":"if","locations":[{"start":{"line":414,"column":9},"end":{"line":418,"column":3}},{"start":{"line":414,"column":9},"end":{"line":418,"column":3}}],"line":414}},"s":{"0":2,"1":2,"2":2,"3":2,"4":2,"5":2,"6":2,"7":2,"8":2,"9":2,"10":2,"11":2,"12":2,"13":2,"14":2,"15":2,"16":2,"17":2,"18":0,"19":2,"20":1,"21":1,"22":1,"23":1,"24":10,"25":10,"26":1,"27":1,"28":1,"29":1,"30":1,"31":1,"32":1,"33":2,"34":0,"35":0,"36":0,"37":0,"38":0,"39":0,"40":0,"41":0,"42":0,"43":0,"44":0,"45":0,"46":0,"47":0,"48":0,"49":0,"50":0,"51":0,"52":0,"53":2,"54":0,"55":0,"56":0,"57":0,"58":0,"59":0,"60":0,"61":0,"62":0,"63":0,"64":0,"65":0,"66":0,"67":0,"68":0,"69":0,"70":0,"71":0,"72":0,"73":2,"74":0,"75":0,"76":0,"77":0,"78":0,"79":0,"80":0,"81":0,"82":0,"83":2,"84":0,"85":0,"86":0,"87":0,"88":0,"89":0,"90":0,"91":0,"92":0,"93":2,"94":2,"95":2,"96":2,"97":0,"98":2,"99":1,"100":1,"101":1,"102":1,"103":1,"104":1,"105":1,"106":2,"107":0,"108":0,"109":0,"110":0,"111":0,"112":0,"113":0,"114":0,"115":0,"116":0,"117":0,"118":0,"119":0,"120":0,"121":0,"122":0,"123":0,"124":0,"125":0,"126":0,"127":0,"128":2,"129":0,"130":0,"131":0,"132":0,"133":0,"134":0,"135":0,"136":0,"137":0,"138":0,"139":2,"140":0,"141":0,"142":0,"143":0,"144":0,"145":0,"146":0,"147":0,"148":0,"149":0,"150":0,"151":0,"152":0,"153":0,"154":0,"155":0,"156":0,"157":0,"158":0,"159":0,"160":0,"161":0,"162":0,"163":0,"164":0,"165":0,"166":0,"167":2,"168":0,"169":0,"170":0,"171":0,"172":0,"173":0,"174":0,"175":0,"176":0,"177":0,"178":0,"179":0,"180":0,"181":0,"182":0,"183":0,"184":0,"185":0,"186":0,"187":0,"188":0,"189":0,"190":0,"191":0,"192":0,"193":0,"194":0,"195":0,"196":0,"197":0,"198":0,"199":0,"200":0,"201":0,"202":0,"203":0,"204":0,"205":0,"206":0,"207":0,"208":2,"209":0,"210":0,"211":0,"212":0,"213":0,"214":2,"215":0,"216":0,"217":0,"218":0,"219":0,"220":0,"221":0,"222":0,"223":0,"224":0,"225":0,"226":0,"227":2,"228":2,"229":0,"230":2,"231":0,"232":2,"233":2,"234":0,"235":0,"236":0,"237":0,"238":0,"239":0,"240":0,"241":0,"242":0,"243":0,"244":0,"245":0,"246":0,"247":0,"248":0,"249":0,"250":0,"251":0,"252":0,"253":0,"254":0,"255":0,"256":0,"257":0,"258":0,"259":0,"260":0,"261":0,"262":0,"263":0,"264":0,"265":0},"f":{"0":2,"1":2,"2":10,"3":0,"4":0,"5":0,"6":0,"7":0,"8":0,"9":0,"10":0,"11":0,"12":0,"13":0,"14":0,"15":0,"16":0,"17":2,"18":2,"19":0,"20":0,"21":0,"22":0,"23":0,"24":0,"25":0,"26":0,"27":0,"28":0,"29":0,"30":0,"31":0,"32":0,"33":0,"34":0,"35":0,"36":0,"37":0,"38":0,"39":2,"40":0},"b":{"0":[2,2],"1":[2,0],"2":[2,2],"3":[0,2],"4":[1,1],"5":[10,0],"6":[0,0],"7":[0,0],"8":[0,0],"9":[0,0],"10":[0,0],"11":[0,0],"12":[0,0],"13":[0,0],"14":[0,0],"15":[0,0],"16":[0,0],"17":[0,0],"18":[0,0],"19":[0,2],"20":[1,1],"21":[1,0],"22":[1,1],"23":[1,1],"24":[0,0],"25":[0,0],"26":[0,0],"27":[0,0],"28":[0,0],"29":[0,0],"30":[0,0],"31":[0,0],"32":[0,0],"33":[0,0],"34":[0,0],"35":[0,0],"36":[0,0],"37":[0,0],"38":[0,0],"39":[0,0],"40":[0,0],"41":[0,0],"42":[0,0],"43":[0,0],"44":[0,0],"45":[0,0],"46":[0,0],"47":[0,0],"48":[0,0],"49":[0,0],"50":[0,0],"51":[0,0],"52":[0,0],"53":[0,0],"54":[0,0,0],"55":[0,0],"56":[0,0,0],"57":[0,0],"58":[0,0],"59":[0,0],"60":[0,0],"61":[0,0],"62":[0,0],"63":[0,0],"64":[0,0],"65":[0,0],"66":[0,0],"67":[0,0],"68":[0,0],"69":[0,0],"70":[0,0],"71":[0,0],"72":[0,0],"73":[0,0],"74":[0,0],"75":[0,0],"76":[0,0],"77":[0,0],"78":[0,0],"79":[0,0]},"_coverageSchema":"43e27e138ebf9cfc5966b082cf9a028302ed4184","hash":"0176fee676d34e0681c7ca22bd9f79d73368962c"}
}
