TN:
SF:/home/hamdija/Documents/try-hard-jci/server/config.js
FNF:0
FNH:0
DA:1,2
LF:1
LH:1
BRF:0
BRH:0
end_of_record
TN:
SF:/home/hamdija/Documents/try-hard-jci/server/index.js
FN:21,(anonymous_0)
FN:23,(anonymous_1)
FN:29,(anonymous_2)
FN:46,(anonymous_3)
FN:49,(anonymous_4)
FN:52,(anonymous_5)
FN:57,(anonymous_6)
FN:73,(anonymous_7)
FN:76,(anonymous_8)
FN:79,(anonymous_9)
FN:84,(anonymous_10)
FN:100,(anonymous_11)
FN:102,(anonymous_12)
FN:103,(anonymous_13)
FN:104,(anonymous_14)
FN:122,(anonymous_15)
FN:124,(anonymous_16)
FN:136,(anonymous_17)
FN:141,(anonymous_18)
FN:165,(anonymous_19)
FN:188,(anonymous_20)
FN:195,(anonymous_21)
FN:202,(anonymous_22)
FN:212,(anonymous_23)
FN:217,(anonymous_24)
FN:228,(anonymous_25)
FN:233,(anonymous_26)
FN:254,(anonymous_27)
FN:272,(anonymous_28)
FN:274,(anonymous_29)
FN:309,(anonymous_30)
FN:321,(anonymous_31)
FN:336,(anonymous_32)
FN:338,(anonymous_33)
FN:346,(anonymous_34)
FN:354,(anonymous_35)
FN:358,(anonymous_36)
FN:374,(anonymous_37)
FN:377,(anonymous_38)
FN:380,getDate
FN:384,getActionExp
FNF:41
FNH:6
FNDA:2,(anonymous_0)
FNDA:2,(anonymous_1)
FNDA:10,(anonymous_2)
FNDA:0,(anonymous_3)
FNDA:0,(anonymous_4)
FNDA:0,(anonymous_5)
FNDA:0,(anonymous_6)
FNDA:0,(anonymous_7)
FNDA:0,(anonymous_8)
FNDA:0,(anonymous_9)
FNDA:0,(anonymous_10)
FNDA:0,(anonymous_11)
FNDA:0,(anonymous_12)
FNDA:0,(anonymous_13)
FNDA:0,(anonymous_14)
FNDA:0,(anonymous_15)
FNDA:0,(anonymous_16)
FNDA:2,(anonymous_17)
FNDA:2,(anonymous_18)
FNDA:0,(anonymous_19)
FNDA:0,(anonymous_20)
FNDA:0,(anonymous_21)
FNDA:0,(anonymous_22)
FNDA:0,(anonymous_23)
FNDA:0,(anonymous_24)
FNDA:0,(anonymous_25)
FNDA:0,(anonymous_26)
FNDA:0,(anonymous_27)
FNDA:0,(anonymous_28)
FNDA:0,(anonymous_29)
FNDA:0,(anonymous_30)
FNDA:0,(anonymous_31)
FNDA:0,(anonymous_32)
FNDA:0,(anonymous_33)
FNDA:0,(anonymous_34)
FNDA:0,(anonymous_35)
FNDA:0,(anonymous_36)
FNDA:0,(anonymous_37)
FNDA:0,(anonymous_38)
FNDA:2,getDate
FNDA:0,getActionExp
DA:1,2
DA:2,2
DA:3,2
DA:4,2
DA:5,2
DA:6,2
DA:7,2
DA:8,2
DA:9,2
DA:11,2
DA:12,2
DA:15,2
DA:16,2
DA:19,2
DA:21,2
DA:22,2
DA:23,2
DA:24,2
DA:25,2
DA:26,1
DA:27,1
DA:28,1
DA:29,1
DA:30,10
DA:31,10
DA:34,1
DA:35,1
DA:36,1
DA:37,1
DA:38,1
DA:40,1
DA:41,1
DA:46,2
DA:47,0
DA:48,0
DA:49,0
DA:50,0
DA:51,0
DA:52,0
DA:53,0
DA:54,0
DA:57,0
DA:58,0
DA:59,0
DA:60,0
DA:61,0
DA:63,0
DA:64,0
DA:68,0
DA:69,0
DA:73,2
DA:74,0
DA:75,0
DA:76,0
DA:77,0
DA:78,0
DA:79,0
DA:80,0
DA:81,0
DA:84,0
DA:85,0
DA:86,0
DA:87,0
DA:88,0
DA:90,0
DA:91,0
DA:95,0
DA:96,0
DA:100,2
DA:101,0
DA:102,0
DA:103,0
DA:104,0
DA:105,0
DA:106,0
DA:116,0
DA:117,0
DA:118,0
DA:122,2
DA:123,0
DA:124,0
DA:125,0
DA:126,0
DA:127,0
DA:128,0
DA:130,0
DA:131,0
DA:136,2
DA:137,2
DA:139,2
DA:142,2
DA:143,2
DA:144,1
DA:145,1
DA:153,1
DA:154,1
DA:155,1
DA:158,1
DA:159,1
DA:165,2
DA:166,0
DA:187,0
DA:188,0
DA:189,0
DA:190,0
DA:191,0
DA:192,0
DA:193,0
DA:195,0
DA:196,0
DA:197,0
DA:198,0
DA:199,0
DA:200,0
DA:202,0
DA:203,0
DA:204,0
DA:205,0
DA:212,2
DA:213,0
DA:214,0
DA:215,0
DA:217,0
DA:218,0
DA:219,0
DA:220,0
DA:221,0
DA:223,0
DA:228,2
DA:229,0
DA:230,0
DA:231,0
DA:232,0
DA:233,0
DA:234,0
DA:235,0
DA:236,0
DA:237,0
DA:239,0
DA:240,0
DA:242,0
DA:244,0
DA:245,0
DA:247,0
DA:248,0
DA:250,0
DA:251,0
DA:252,0
DA:254,0
DA:255,0
DA:256,0
DA:257,0
DA:265,0
DA:266,0
DA:272,2
DA:273,0
DA:274,0
DA:275,0
DA:276,0
DA:277,0
DA:278,0
DA:279,0
DA:280,0
DA:281,0
DA:282,0
DA:283,0
DA:284,0
DA:285,0
DA:286,0
DA:287,0
DA:288,0
DA:289,0
DA:292,0
DA:293,0
DA:295,0
DA:296,0
DA:305,0
DA:307,0
DA:308,0
DA:309,0
DA:310,0
DA:311,0
DA:312,0
DA:313,0
DA:316,0
DA:317,0
DA:318,0
DA:320,0
DA:321,0
DA:322,0
DA:323,0
DA:330,0
DA:331,0
DA:336,2
DA:337,0
DA:338,0
DA:339,0
DA:341,0
DA:346,2
DA:347,0
DA:348,0
DA:350,0
DA:355,0
DA:356,0
DA:357,0
DA:358,0
DA:359,0
DA:365,0
DA:367,0
DA:368,0
DA:372,2
DA:374,2
DA:375,0
DA:377,2
DA:378,0
DA:381,2
DA:382,2
DA:385,0
DA:386,0
DA:387,0
DA:388,0
DA:389,0
DA:390,0
DA:391,0
DA:392,0
DA:393,0
DA:394,0
DA:395,0
DA:396,0
DA:397,0
DA:398,0
DA:399,0
DA:400,0
DA:401,0
DA:402,0
DA:403,0
DA:404,0
DA:405,0
DA:406,0
DA:407,0
DA:408,0
DA:409,0
DA:410,0
DA:411,0
DA:412,0
DA:413,0
DA:414,0
DA:415,0
DA:417,0
LF:249
LH:59
BRDA:6,0,0,2
BRDA:6,0,1,2
BRDA:15,1,0,2
BRDA:15,1,1,0
BRDA:19,2,0,2
BRDA:19,2,1,2
BRDA:24,3,0,0
BRDA:24,3,1,2
BRDA:25,4,0,1
BRDA:25,4,1,1
BRDA:30,5,0,10
BRDA:30,5,1,0
BRDA:50,6,0,0
BRDA:50,6,1,0
BRDA:51,7,0,0
BRDA:51,7,1,0
BRDA:53,8,0,0
BRDA:53,8,1,0
BRDA:58,9,0,0
BRDA:58,9,1,0
BRDA:59,10,0,0
BRDA:59,10,1,0
BRDA:77,11,0,0
BRDA:77,11,1,0
BRDA:78,12,0,0
BRDA:78,12,1,0
BRDA:80,13,0,0
BRDA:80,13,1,0
BRDA:85,14,0,0
BRDA:85,14,1,0
BRDA:86,15,0,0
BRDA:86,15,1,0
BRDA:105,16,0,0
BRDA:105,16,1,0
BRDA:125,17,0,0
BRDA:125,17,1,0
BRDA:126,18,0,0
BRDA:126,18,1,0
BRDA:142,19,0,0
BRDA:142,19,1,2
BRDA:143,20,0,1
BRDA:143,20,1,1
BRDA:144,21,0,1
BRDA:144,21,1,0
BRDA:144,22,0,1
BRDA:144,22,1,1
BRDA:151,23,0,1
BRDA:151,23,1,1
BRDA:172,24,0,0
BRDA:172,24,1,0
BRDA:173,25,0,0
BRDA:173,25,1,0
BRDA:189,26,0,0
BRDA:189,26,1,0
BRDA:190,27,0,0
BRDA:190,27,1,0
BRDA:196,28,0,0
BRDA:196,28,1,0
BRDA:197,29,0,0
BRDA:197,29,1,0
BRDA:203,30,0,0
BRDA:203,30,1,0
BRDA:218,31,0,0
BRDA:218,31,1,0
BRDA:219,32,0,0
BRDA:219,32,1,0
BRDA:234,33,0,0
BRDA:234,33,1,0
BRDA:235,34,0,0
BRDA:235,34,1,0
BRDA:236,35,0,0
BRDA:236,35,1,0
BRDA:239,36,0,0
BRDA:239,36,1,0
BRDA:239,37,0,0
BRDA:239,37,1,0
BRDA:244,38,0,0
BRDA:244,38,1,0
BRDA:247,39,0,0
BRDA:247,39,1,0
BRDA:250,40,0,0
BRDA:250,40,1,0
BRDA:255,41,0,0
BRDA:255,41,1,0
BRDA:256,42,0,0
BRDA:256,42,1,0
BRDA:263,43,0,0
BRDA:263,43,1,0
BRDA:275,44,0,0
BRDA:275,44,1,0
BRDA:276,45,0,0
BRDA:276,45,1,0
BRDA:281,46,0,0
BRDA:281,46,1,0
BRDA:283,47,0,0
BRDA:283,47,1,0
BRDA:285,48,0,0
BRDA:285,48,1,0
BRDA:287,49,0,0
BRDA:287,49,1,0
BRDA:290,50,0,0
BRDA:290,50,1,0
BRDA:295,51,0,0
BRDA:295,51,1,0
BRDA:300,52,0,0
BRDA:300,52,1,0
BRDA:301,53,0,0
BRDA:301,53,1,0
BRDA:301,54,0,0
BRDA:301,54,1,0
BRDA:301,54,2,0
BRDA:311,55,0,0
BRDA:311,55,1,0
BRDA:311,56,0,0
BRDA:311,56,1,0
BRDA:311,56,2,0
BRDA:316,57,0,0
BRDA:316,57,1,0
BRDA:316,58,0,0
BRDA:316,58,1,0
BRDA:322,59,0,0
BRDA:322,59,1,0
BRDA:339,60,0,0
BRDA:339,60,1,0
BRDA:341,61,0,0
BRDA:341,61,1,0
BRDA:348,62,0,0
BRDA:348,62,1,0
BRDA:355,63,0,0
BRDA:355,63,1,0
BRDA:356,64,0,0
BRDA:356,64,1,0
BRDA:385,65,0,0
BRDA:385,65,1,0
BRDA:387,66,0,0
BRDA:387,66,1,0
BRDA:389,67,0,0
BRDA:389,67,1,0
BRDA:391,68,0,0
BRDA:391,68,1,0
BRDA:393,69,0,0
BRDA:393,69,1,0
BRDA:395,70,0,0
BRDA:395,70,1,0
BRDA:397,71,0,0
BRDA:397,71,1,0
BRDA:399,72,0,0
BRDA:399,72,1,0
BRDA:401,73,0,0
BRDA:401,73,1,0
BRDA:403,74,0,0
BRDA:403,74,1,0
BRDA:405,75,0,0
BRDA:405,75,1,0
BRDA:407,76,0,0
BRDA:407,76,1,0
BRDA:410,77,0,0
BRDA:410,77,1,0
BRDA:412,78,0,0
BRDA:412,78,1,0
BRDA:414,79,0,0
BRDA:414,79,1,0
BRF:162
BRH:17
end_of_record
